[2024-05-22T00:40:50.025+0000] {local_task_job_runner.py:120} INFO - ::group::Pre task execution logs
[2024-05-22T00:40:50.033+0000] {taskinstance.py:2076} INFO - Dependencies all met for dep_context=non-requeueable deps ti=<TaskInstance: video_processing_DAG.split_video_task scheduled__2024-05-21T00:00:00+00:00 [queued]>
[2024-05-22T00:40:50.036+0000] {taskinstance.py:2076} INFO - Dependencies all met for dep_context=requeueable deps ti=<TaskInstance: video_processing_DAG.split_video_task scheduled__2024-05-21T00:00:00+00:00 [queued]>
[2024-05-22T00:40:50.036+0000] {taskinstance.py:2306} INFO - Starting attempt 1 of 2
[2024-05-22T00:40:50.040+0000] {taskinstance.py:2330} INFO - Executing <Task(_PythonDecoratedOperator): split_video_task> on 2024-05-21 00:00:00+00:00
[2024-05-22T00:40:50.042+0000] {warnings.py:110} WARNING - /home/***/.local/lib/python3.12/site-packages/***/task/task_runner/standard_task_runner.py:61: DeprecationWarning: This process (pid=770) is multi-threaded, use of fork() may lead to deadlocks in the child.
  pid = os.fork()

[2024-05-22T00:40:50.043+0000] {standard_task_runner.py:63} INFO - Started process 774 to run task
[2024-05-22T00:40:50.043+0000] {standard_task_runner.py:90} INFO - Running: ['***', 'tasks', 'run', 'video_processing_DAG', 'split_video_task', 'scheduled__2024-05-21T00:00:00+00:00', '--job-id', '99', '--raw', '--subdir', 'DAGS_FOLDER/video_processing_dag.py', '--cfg-path', '/tmp/tmp3ls2gwk7']
[2024-05-22T00:40:50.044+0000] {standard_task_runner.py:91} INFO - Job 99: Subtask split_video_task
[2024-05-22T00:40:50.058+0000] {task_command.py:426} INFO - Running <TaskInstance: video_processing_DAG.split_video_task scheduled__2024-05-21T00:00:00+00:00 [running]> on host 824044369e6b
[2024-05-22T00:40:50.083+0000] {taskinstance.py:2648} INFO - Exporting env vars: AIRFLOW_CTX_DAG_EMAIL='code2stories@gmail.com' AIRFLOW_CTX_DAG_OWNER='***' AIRFLOW_CTX_DAG_ID='video_processing_DAG' AIRFLOW_CTX_TASK_ID='split_video_task' AIRFLOW_CTX_EXECUTION_DATE='2024-05-21T00:00:00+00:00' AIRFLOW_CTX_TRY_NUMBER='1' AIRFLOW_CTX_DAG_RUN_ID='scheduled__2024-05-21T00:00:00+00:00'
[2024-05-22T00:40:50.083+0000] {taskinstance.py:430} INFO - ::endgroup::
[2024-05-22T00:40:50.084+0000] {video_processing_dag.py:66} INFO - Triggering Celery task to split video
[2024-05-22T00:40:50.086+0000] {logging_mixin.py:188} INFO - 2024-03-26_11_20.mp4
[2024-05-22T00:40:50.097+0000] {python.py:237} INFO - Done. Returned value was: Video split task triggered successfully
[2024-05-22T00:40:50.098+0000] {taskinstance.py:441} INFO - ::group::Post task execution logs
[2024-05-22T00:40:50.105+0000] {taskinstance.py:1206} INFO - Marking task as SUCCESS. dag_id=video_processing_DAG, task_id=split_video_task, run_id=scheduled__2024-05-21T00:00:00+00:00, execution_date=20240521T000000, start_date=20240522T004050, end_date=20240522T004050
[2024-05-22T00:40:50.152+0000] {local_task_job_runner.py:240} INFO - Task exited with return code 0
[2024-05-22T00:40:50.159+0000] {taskinstance.py:3498} INFO - 0 downstream tasks scheduled from follow-on schedule check
[2024-05-22T00:40:50.160+0000] {local_task_job_runner.py:222} INFO - ::endgroup::
