[2024-05-22T10:28:29.944+0000] {local_task_job_runner.py:120} INFO - ::group::Pre task execution logs
[2024-05-22T10:28:29.954+0000] {taskinstance.py:2076} INFO - Dependencies all met for dep_context=non-requeueable deps ti=<TaskInstance: video_processing_DAG.split_video_task manual__2024-05-22T10:28:16.949439+00:00 [queued]>
[2024-05-22T10:28:29.957+0000] {taskinstance.py:2076} INFO - Dependencies all met for dep_context=requeueable deps ti=<TaskInstance: video_processing_DAG.split_video_task manual__2024-05-22T10:28:16.949439+00:00 [queued]>
[2024-05-22T10:28:29.957+0000] {taskinstance.py:2306} INFO - Starting attempt 1 of 2
[2024-05-22T10:28:29.962+0000] {taskinstance.py:2330} INFO - Executing <Task(_PythonDecoratedOperator): split_video_task> on 2024-05-22 10:28:16.949439+00:00
[2024-05-22T10:28:29.965+0000] {warnings.py:110} WARNING - /home/***/.local/lib/python3.12/site-packages/***/task/task_runner/standard_task_runner.py:61: DeprecationWarning: This process (pid=3614) is multi-threaded, use of fork() may lead to deadlocks in the child.
  pid = os.fork()

[2024-05-22T10:28:29.966+0000] {standard_task_runner.py:63} INFO - Started process 3618 to run task
[2024-05-22T10:28:29.966+0000] {standard_task_runner.py:90} INFO - Running: ['***', 'tasks', 'run', 'video_processing_DAG', 'split_video_task', 'manual__2024-05-22T10:28:16.949439+00:00', '--job-id', '103', '--raw', '--subdir', 'DAGS_FOLDER/video_processing_dag.py', '--cfg-path', '/tmp/tmp107d6uzb']
[2024-05-22T10:28:29.968+0000] {standard_task_runner.py:91} INFO - Job 103: Subtask split_video_task
[2024-05-22T10:28:29.988+0000] {task_command.py:426} INFO - Running <TaskInstance: video_processing_DAG.split_video_task manual__2024-05-22T10:28:16.949439+00:00 [running]> on host 824044369e6b
[2024-05-22T10:28:30.020+0000] {taskinstance.py:2648} INFO - Exporting env vars: AIRFLOW_CTX_DAG_EMAIL='code2stories@gmail.com' AIRFLOW_CTX_DAG_OWNER='***' AIRFLOW_CTX_DAG_ID='video_processing_DAG' AIRFLOW_CTX_TASK_ID='split_video_task' AIRFLOW_CTX_EXECUTION_DATE='2024-05-22T10:28:16.949439+00:00' AIRFLOW_CTX_TRY_NUMBER='1' AIRFLOW_CTX_DAG_RUN_ID='manual__2024-05-22T10:28:16.949439+00:00'
[2024-05-22T10:28:30.021+0000] {taskinstance.py:430} INFO - ::endgroup::
[2024-05-22T10:28:30.022+0000] {video_processing_dag.py:66} INFO - Triggering Celery task to split video
[2024-05-22T10:28:30.024+0000] {logging_mixin.py:188} INFO - 2024-03-26_11_20.mp4
[2024-05-22T10:28:30.038+0000] {python.py:237} INFO - Done. Returned value was: Video split task triggered successfully
[2024-05-22T10:28:30.038+0000] {taskinstance.py:441} INFO - ::group::Post task execution logs
[2024-05-22T10:28:30.045+0000] {taskinstance.py:1206} INFO - Marking task as SUCCESS. dag_id=video_processing_DAG, task_id=split_video_task, run_id=manual__2024-05-22T10:28:16.949439+00:00, execution_date=20240522T102816, start_date=20240522T102829, end_date=20240522T102830
[2024-05-22T10:28:30.069+0000] {local_task_job_runner.py:240} INFO - Task exited with return code 0
[2024-05-22T10:28:30.076+0000] {taskinstance.py:3498} INFO - 0 downstream tasks scheduled from follow-on schedule check
[2024-05-22T10:28:30.077+0000] {local_task_job_runner.py:222} INFO - ::endgroup::
