[2024-05-25T00:00:07.139+0000] {local_task_job_runner.py:120} INFO - ::group::Pre task execution logs
[2024-05-25T00:00:07.149+0000] {taskinstance.py:2076} INFO - Dependencies all met for dep_context=non-requeueable deps ti=<TaskInstance: video_processing_DAG.download_video scheduled__2024-05-24T00:00:00+00:00 [queued]>
[2024-05-25T00:00:07.153+0000] {taskinstance.py:2076} INFO - Dependencies all met for dep_context=requeueable deps ti=<TaskInstance: video_processing_DAG.download_video scheduled__2024-05-24T00:00:00+00:00 [queued]>
[2024-05-25T00:00:07.156+0000] {taskinstance.py:2306} INFO - Starting attempt 1 of 2
[2024-05-25T00:00:07.161+0000] {taskinstance.py:2330} INFO - Executing <Task(_PythonDecoratedOperator): download_video> on 2024-05-24 00:00:00+00:00
[2024-05-25T00:00:07.165+0000] {warnings.py:110} WARNING - /home/***/.local/lib/python3.12/site-packages/***/task/task_runner/standard_task_runner.py:61: DeprecationWarning: This process (pid=33031) is multi-threaded, use of fork() may lead to deadlocks in the child.
  pid = os.fork()

[2024-05-25T00:00:07.165+0000] {standard_task_runner.py:63} INFO - Started process 33035 to run task
[2024-05-25T00:00:07.166+0000] {standard_task_runner.py:90} INFO - Running: ['***', 'tasks', 'run', 'video_processing_DAG', 'download_video', 'scheduled__2024-05-24T00:00:00+00:00', '--job-id', '115', '--raw', '--subdir', 'DAGS_FOLDER/video_processing_dag.py', '--cfg-path', '/tmp/tmp5b_9547z']
[2024-05-25T00:00:07.167+0000] {standard_task_runner.py:91} INFO - Job 115: Subtask download_video
[2024-05-25T00:00:07.188+0000] {task_command.py:426} INFO - Running <TaskInstance: video_processing_DAG.download_video scheduled__2024-05-24T00:00:00+00:00 [running]> on host 824044369e6b
[2024-05-25T00:00:07.221+0000] {taskinstance.py:2648} INFO - Exporting env vars: AIRFLOW_CTX_DAG_EMAIL='code2stories@gmail.com' AIRFLOW_CTX_DAG_OWNER='***' AIRFLOW_CTX_DAG_ID='video_processing_DAG' AIRFLOW_CTX_TASK_ID='download_video' AIRFLOW_CTX_EXECUTION_DATE='2024-05-24T00:00:00+00:00' AIRFLOW_CTX_TRY_NUMBER='1' AIRFLOW_CTX_DAG_RUN_ID='scheduled__2024-05-24T00:00:00+00:00'
[2024-05-25T00:00:07.222+0000] {taskinstance.py:430} INFO - ::endgroup::
[2024-05-25T00:00:07.621+0000] {__init__.py:49} INFO - file_cache is only supported with oauth2client<4.0.0
[2024-05-25T00:00:08.238+0000] {logging_mixin.py:188} INFO - File name: ioe-wkky-qwx (2024-03-26 11:20 GMT)
[2024-05-25T00:00:08.240+0000] {logging_mixin.py:188} INFO - 2024-03-26_11_20.mp4
[2024-05-25T00:00:11.934+0000] {logging_mixin.py:188} INFO - Download 100% complete.
[2024-05-25T00:00:11.937+0000] {logging_mixin.py:188} INFO - The video has been downloaded and saved successfully as 2024-03-26_11_20.mp4.
[2024-05-25T00:00:11.937+0000] {video_processing_dag.py:53} INFO - Downloading Video
[2024-05-25T00:00:11.940+0000] {crypto.py:82} WARNING - empty cryptography key - values will not be stored encrypted.
[2024-05-25T00:00:11.944+0000] {python.py:237} INFO - Done. Returned value was: 2024-03-26_11_20.mp4
[2024-05-25T00:00:11.944+0000] {taskinstance.py:441} INFO - ::group::Post task execution logs
[2024-05-25T00:00:11.954+0000] {taskinstance.py:1206} INFO - Marking task as SUCCESS. dag_id=video_processing_DAG, task_id=download_video, run_id=scheduled__2024-05-24T00:00:00+00:00, execution_date=20240524T000000, start_date=20240525T000007, end_date=20240525T000011
[2024-05-25T00:00:11.979+0000] {local_task_job_runner.py:240} INFO - Task exited with return code 0
[2024-05-25T00:00:11.989+0000] {taskinstance.py:3498} INFO - 1 downstream tasks scheduled from follow-on schedule check
[2024-05-25T00:00:11.989+0000] {local_task_job_runner.py:222} INFO - ::endgroup::
