[2024-05-21T22:24:21.229+0000] {local_task_job_runner.py:120} INFO - ::group::Pre task execution logs
[2024-05-21T22:24:21.236+0000] {taskinstance.py:2076} INFO - Dependencies all met for dep_context=non-requeueable deps ti=<TaskInstance: video_processing_DAG.split_video_task manual__2024-05-21T22:24:05.186196+00:00 [queued]>
[2024-05-21T22:24:21.239+0000] {taskinstance.py:2076} INFO - Dependencies all met for dep_context=requeueable deps ti=<TaskInstance: video_processing_DAG.split_video_task manual__2024-05-21T22:24:05.186196+00:00 [queued]>
[2024-05-21T22:24:21.239+0000] {taskinstance.py:2306} INFO - Starting attempt 1 of 2
[2024-05-21T22:24:21.243+0000] {taskinstance.py:2330} INFO - Executing <Task(_PythonDecoratedOperator): split_video_task> on 2024-05-21 22:24:05.186196+00:00
[2024-05-21T22:24:21.246+0000] {warnings.py:110} WARNING - /home/***/.local/lib/python3.12/site-packages/***/task/task_runner/standard_task_runner.py:61: DeprecationWarning: This process (pid=153) is multi-threaded, use of fork() may lead to deadlocks in the child.
  pid = os.fork()

[2024-05-21T22:24:21.246+0000] {standard_task_runner.py:63} INFO - Started process 157 to run task
[2024-05-21T22:24:21.247+0000] {standard_task_runner.py:90} INFO - Running: ['***', 'tasks', 'run', 'video_processing_DAG', 'split_video_task', 'manual__2024-05-21T22:24:05.186196+00:00', '--job-id', '95', '--raw', '--subdir', 'DAGS_FOLDER/video_processing_dag.py', '--cfg-path', '/tmp/tmpsl71ds00']
[2024-05-21T22:24:21.248+0000] {standard_task_runner.py:91} INFO - Job 95: Subtask split_video_task
[2024-05-21T22:24:21.264+0000] {task_command.py:426} INFO - Running <TaskInstance: video_processing_DAG.split_video_task manual__2024-05-21T22:24:05.186196+00:00 [running]> on host 824044369e6b
[2024-05-21T22:24:21.290+0000] {taskinstance.py:2648} INFO - Exporting env vars: AIRFLOW_CTX_DAG_EMAIL='code2stories@gmail.com' AIRFLOW_CTX_DAG_OWNER='***' AIRFLOW_CTX_DAG_ID='video_processing_DAG' AIRFLOW_CTX_TASK_ID='split_video_task' AIRFLOW_CTX_EXECUTION_DATE='2024-05-21T22:24:05.186196+00:00' AIRFLOW_CTX_TRY_NUMBER='1' AIRFLOW_CTX_DAG_RUN_ID='manual__2024-05-21T22:24:05.186196+00:00'
[2024-05-21T22:24:21.291+0000] {taskinstance.py:430} INFO - ::endgroup::
[2024-05-21T22:24:21.291+0000] {video_processing_dag.py:66} INFO - Triggering Celery task to split video
[2024-05-21T22:24:21.294+0000] {logging_mixin.py:188} INFO - 2024-03-26_11_20.mp4
[2024-05-21T22:24:21.309+0000] {python.py:237} INFO - Done. Returned value was: Video split task triggered successfully
[2024-05-21T22:24:21.310+0000] {taskinstance.py:441} INFO - ::group::Post task execution logs
[2024-05-21T22:24:21.317+0000] {taskinstance.py:1206} INFO - Marking task as SUCCESS. dag_id=video_processing_DAG, task_id=split_video_task, run_id=manual__2024-05-21T22:24:05.186196+00:00, execution_date=20240521T222405, start_date=20240521T222421, end_date=20240521T222421
[2024-05-21T22:24:21.354+0000] {local_task_job_runner.py:240} INFO - Task exited with return code 0
[2024-05-21T22:24:21.360+0000] {taskinstance.py:3498} INFO - 0 downstream tasks scheduled from follow-on schedule check
[2024-05-21T22:24:21.361+0000] {local_task_job_runner.py:222} INFO - ::endgroup::
