[2024-05-21T22:24:11.920+0000] {local_task_job_runner.py:120} INFO - ::group::Pre task execution logs
[2024-05-21T22:24:11.927+0000] {taskinstance.py:2076} INFO - Dependencies all met for dep_context=non-requeueable deps ti=<TaskInstance: video_processing_DAG.checkNewSessions manual__2024-05-21T22:24:05.186196+00:00 [queued]>
[2024-05-21T22:24:11.930+0000] {taskinstance.py:2076} INFO - Dependencies all met for dep_context=requeueable deps ti=<TaskInstance: video_processing_DAG.checkNewSessions manual__2024-05-21T22:24:05.186196+00:00 [queued]>
[2024-05-21T22:24:11.930+0000] {taskinstance.py:2306} INFO - Starting attempt 1 of 2
[2024-05-21T22:24:11.934+0000] {taskinstance.py:2330} INFO - Executing <Task(_BranchPythonDecoratedOperator): checkNewSessions> on 2024-05-21 22:24:05.186196+00:00
[2024-05-21T22:24:11.936+0000] {warnings.py:110} WARNING - /home/***/.local/lib/python3.12/site-packages/***/task/task_runner/standard_task_runner.py:61: DeprecationWarning: This process (pid=98) is multi-threaded, use of fork() may lead to deadlocks in the child.
  pid = os.fork()

[2024-05-21T22:24:11.937+0000] {standard_task_runner.py:63} INFO - Started process 102 to run task
[2024-05-21T22:24:11.937+0000] {standard_task_runner.py:90} INFO - Running: ['***', 'tasks', 'run', 'video_processing_DAG', 'checkNewSessions', 'manual__2024-05-21T22:24:05.186196+00:00', '--job-id', '93', '--raw', '--subdir', 'DAGS_FOLDER/video_processing_dag.py', '--cfg-path', '/tmp/tmpxbkev6um']
[2024-05-21T22:24:11.938+0000] {standard_task_runner.py:91} INFO - Job 93: Subtask checkNewSessions
[2024-05-21T22:24:11.953+0000] {task_command.py:426} INFO - Running <TaskInstance: video_processing_DAG.checkNewSessions manual__2024-05-21T22:24:05.186196+00:00 [running]> on host 824044369e6b
[2024-05-21T22:24:11.977+0000] {taskinstance.py:2648} INFO - Exporting env vars: AIRFLOW_CTX_DAG_EMAIL='code2stories@gmail.com' AIRFLOW_CTX_DAG_OWNER='***' AIRFLOW_CTX_DAG_ID='video_processing_DAG' AIRFLOW_CTX_TASK_ID='checkNewSessions' AIRFLOW_CTX_EXECUTION_DATE='2024-05-21T22:24:05.186196+00:00' AIRFLOW_CTX_TRY_NUMBER='1' AIRFLOW_CTX_DAG_RUN_ID='manual__2024-05-21T22:24:05.186196+00:00'
[2024-05-21T22:24:11.978+0000] {taskinstance.py:430} INFO - ::endgroup::
[2024-05-21T22:24:13.608+0000] {python.py:237} INFO - Done. Returned value was: download_video
[2024-05-21T22:24:13.609+0000] {branch.py:36} INFO - Branch into download_video
[2024-05-21T22:24:13.609+0000] {skipmixin.py:178} INFO - Following branch download_video
[2024-05-21T22:24:13.621+0000] {skipmixin.py:246} INFO - Skipping tasks [('no_new_sessions', -1)]
[2024-05-21T22:24:13.632+0000] {taskinstance.py:441} INFO - ::group::Post task execution logs
[2024-05-21T22:24:13.639+0000] {taskinstance.py:1206} INFO - Marking task as SUCCESS. dag_id=video_processing_DAG, task_id=checkNewSessions, run_id=manual__2024-05-21T22:24:05.186196+00:00, execution_date=20240521T222405, start_date=20240521T222411, end_date=20240521T222413
[2024-05-21T22:24:13.674+0000] {local_task_job_runner.py:240} INFO - Task exited with return code 0
[2024-05-21T22:24:13.689+0000] {taskinstance.py:3498} INFO - 1 downstream tasks scheduled from follow-on schedule check
[2024-05-21T22:24:13.690+0000] {local_task_job_runner.py:222} INFO - ::endgroup::
